<?xml version="1.0" encoding="UTF-8"?>
<!-- Generated by org.testng.reporters.JUnitReportReporter -->
<testsuite hostname="Kuldeep" failures="0" tests="3" name="practice.DataProviderPractice" time="0.006" errors="0" timestamp="2023-10-06T14:56:53 IST" skipped="0">
  <testcase classname="practice.DataProviderPractice" name="addProductToCart" time="0.000"/>
  <testcase classname="practice.DataProviderPractice" name="addProductToCart" time="0.005"/>
  <testcase classname="practice.DataProviderPractice" name="addProductToCart" time="0.001"/>
</testsuite> <!-- practice.DataProviderPractice -->
