<?xml version="1.0" encoding="UTF-8"?>
<!-- Generated by org.testng.reporters.JUnitReportReporter -->
<testsuite hostname="Kuldeep" failures="0" tests="3" name="practice.TestNGPractice" time="0.021" errors="0" timestamp="2023-10-03T20:27:08 IST" skipped="0">
  <testcase classname="practice.TestNGPractice" name="deleteCustomer" time="0.018"/>
  <testcase classname="practice.TestNGPractice" name="modifyCustomer" time="0.001"/>
  <testcase classname="practice.TestNGPractice" name="createCustomer" time="0.002"/>
</testsuite> <!-- practice.TestNGPractice -->
